Using pre-set license
Built from '2020.2/release' branch; Version is '2020.2.4f1 (becced5a802b) revision 12504301'; Using compiler version '192528614'; Build Type 'Release'
OS: 'Windows 10 Pro; OS build 18363.1379; Version 1909; 64bit' Language: 'en' Physical Memory: 8130 MB
BatchMode: 1, IsHumanControllingUs: 0, StartBugReporterOnCrash: 0, Is64bit: 1, IsPro: 0

 COMMAND LINE ARGUMENTS:
C:\Program Files\Unity\Hub\Editor\2020.2.4f1\Editor\Unity.exe
-adb2
-batchMode
-noUpm
-name
AssetImportWorker0
-projectPath
D:/GitHub/Mystery dungeon
-logFile
Logs/AssetImportWorker0.log
-srvPort
60326
Successfully changed project path to: D:/GitHub/Mystery dungeon
D:/GitHub/Mystery dungeon
Using Asset Import Pipeline V2.
Refreshing native plugins compatible for Editor in 24.74 ms, found 0 plugins.
Preloading 0 native plugins for Editor in 0.00 ms.
Initialize engine version: 2020.2.4f1 (becced5a802b)
[Subsystems] Discovering subsystems at path C:/Program Files/Unity/Hub/Editor/2020.2.4f1/Editor/Data/Resources/UnitySubsystems
[Subsystems] Discovering subsystems at path D:/GitHub/Mystery dungeon/Assets
GfxDevice: creating device client; threaded=0
Direct3D:
    Version:  Direct3D 11.0 [level 11.1]
    Renderer: NVIDIA GeForce GTX 960 (ID=0x1401)
    Vendor:   
    VRAM:     4053 MB
    Driver:   27.21.14.5671
Initialize mono
Mono path[0] = 'C:/Program Files/Unity/Hub/Editor/2020.2.4f1/Editor/Data/Managed'
Mono path[1] = 'C:/Program Files/Unity/Hub/Editor/2020.2.4f1/Editor/Data/MonoBleedingEdge/lib/mono/unityjit'
Mono config path = 'C:/Program Files/Unity/Hub/Editor/2020.2.4f1/Editor/Data/MonoBleedingEdge/etc'
Using monoOptions --debugger-agent=transport=dt_socket,embedding=1,server=y,suspend=n,address=127.0.0.1:56556
Begin MonoManager ReloadAssembly
Registering precompiled unity dll's ...
Register platform support module: C:/Program Files/Unity/Hub/Editor/2020.2.4f1/Editor/Data/PlaybackEngines/WindowsStandaloneSupport/UnityEditor.WindowsStandalone.Extensions.dll
Registered in 0.002569 seconds.
Native extension for WindowsStandalone target not found
Refreshing native plugins compatible for Editor in 23.54 ms, found 0 plugins.
Preloading 0 native plugins for Editor in 0.00 ms.
Invoked RoslynAnalysisRunner static constructor.
RoslynAnalysisRunner will not be running.
RoslynAnalysisRunner has terminated.
Mono: successfully reloaded assembly
- Completed reload, in  1.959 seconds
Platform modules already initialized, skipping
Registering precompiled user dll's ...
Registered in 0.000804 seconds.
Begin MonoManager ReloadAssembly
Native extension for WindowsStandalone target not found
Refreshing native plugins compatible for Editor in 0.27 ms, found 0 plugins.
Preloading 0 native plugins for Editor in 0.00 ms.
Invoked RoslynAnalysisRunner static constructor.
RoslynAnalysisRunner will not be running.
RoslynAnalysisRunner has terminated.
Mono: successfully reloaded assembly
- Completed reload, in  0.974 seconds
Platform modules already initialized, skipping
========================================================================
Worker process is ready to serve import requests
Launched and connected shader compiler UnityShaderCompiler.exe after 0.05 seconds
Refreshing native plugins compatible for Editor in 0.29 ms, found 0 plugins.
Preloading 0 native plugins for Editor in 0.00 ms.
Unloading 1122 Unused Serialized files (Serialized files now loaded: 0)
System memory in use before: 57.4 MB.
System memory in use after: 57.4 MB.

Unloading 10 unused Assets to reduce memory usage. Loaded Objects now: 1564.
Total: 2.128100 ms (FindLiveObjects: 0.143400 ms CreateObjectMapping: 0.045400 ms MarkObjects: 1.855900 ms  DeleteObjects: 0.082400 ms)

========================================================================
Received Import Request.
  path: Assets/Enemy/Animations/Paw1.controller
  artifactKey: Guid(0932dab3190d6cc41a91a5db19e7993f) Importer(815301076,1909f56bfc062723c751e8b465ee728b)
Start importing Assets/Enemy/Animations/Paw1.controller using Guid(0932dab3190d6cc41a91a5db19e7993f) Importer(815301076,1909f56bfc062723c751e8b465ee728b)  -> (artifact id: 'f090eeb68828305ce3fde52ec646fbd4') in 0.041600 seconds
  Import took 0.044105 seconds .

========================================================================
Received Import Request.
  Time since last request: 0.000217 seconds.
  path: Assets/Enemy/Animations/Attack 1.anim
  artifactKey: Guid(73101cf611e8e7f4897bad3c14c2d87d) Importer(815301076,1909f56bfc062723c751e8b465ee728b)
Start importing Assets/Enemy/Animations/Attack 1.anim using Guid(73101cf611e8e7f4897bad3c14c2d87d) Importer(815301076,1909f56bfc062723c751e8b465ee728b)  -> (artifact id: '4353411d94ee3e6f561668a078218f2e') in 0.013377 seconds
  Import took 0.017352 seconds .

========================================================================
Received Prepare
Refreshing native plugins compatible for Editor in 0.93 ms, found 0 plugins.
Preloading 0 native plugins for Editor in 0.00 ms.
Unloading 3 Unused Serialized files (Serialized files now loaded: 0)
System memory in use before: 35.1 MB.
System memory in use after: 35.2 MB.

Unloading 3 unused Assets to reduce memory usage. Loaded Objects now: 1564.
Total: 2.766200 ms (FindLiveObjects: 0.154600 ms CreateObjectMapping: 0.042900 ms MarkObjects: 2.501600 ms  DeleteObjects: 0.065100 ms)

========================================================================
Received Import Request.
  Time since last request: 605.461426 seconds.
  path: Assets/Enemy/Animations/Paw1.controller
  artifactKey: Guid(0932dab3190d6cc41a91a5db19e7993f) Importer(815301076,1909f56bfc062723c751e8b465ee728b)
Start importing Assets/Enemy/Animations/Paw1.controller using Guid(0932dab3190d6cc41a91a5db19e7993f) Importer(815301076,1909f56bfc062723c751e8b465ee728b)  -> (artifact id: '95fd94b4149489e91775cd00864512be') in 0.008176 seconds
  Import took 0.010743 seconds .

========================================================================
Received Import Request.
  Time since last request: 88.269407 seconds.
  path: Assets/Enemy/Scripts/EnemyAttacks.cs
  artifactKey: Guid(840545ce0bb63fc4dbcd9e395dfdd189) Importer(815301076,1909f56bfc062723c751e8b465ee728b)
Start importing Assets/Enemy/Scripts/EnemyAttacks.cs using Guid(840545ce0bb63fc4dbcd9e395dfdd189) Importer(815301076,1909f56bfc062723c751e8b465ee728b)  -> (artifact id: '5fc99209e6f895159faaa8d3160e8677') in 0.017297 seconds
  Import took 0.035026 seconds .

========================================================================
Received Prepare
Registering precompiled user dll's ...
Registered in 0.000834 seconds.
Begin MonoManager ReloadAssembly
Native extension for WindowsStandalone target not found
Refreshing native plugins compatible for Editor in 0.23 ms, found 0 plugins.
Preloading 0 native plugins for Editor in 0.00 ms.
Invoked RoslynAnalysisRunner static constructor.
RoslynAnalysisRunner will not be running.
RoslynAnalysisRunner has terminated.
Mono: successfully reloaded assembly
- Completed reload, in  0.903 seconds
Platform modules already initialized, skipping
Refreshing native plugins compatible for Editor in 0.27 ms, found 0 plugins.
Preloading 0 native plugins for Editor in 0.00 ms.
Unloading 1117 Unused Serialized files (Serialized files now loaded: 0)
System memory in use before: 57.3 MB.
System memory in use after: 57.4 MB.

Unloading 5 unused Assets to reduce memory usage. Loaded Objects now: 1566.
Total: 1.892900 ms (FindLiveObjects: 0.145700 ms CreateObjectMapping: 0.040200 ms MarkObjects: 1.638500 ms  DeleteObjects: 0.067000 ms)

========================================================================
Received Import Request.
  Time since last request: 297.396420 seconds.
  path: Assets/Enemy/Animations/Attack 1.anim
  artifactKey: Guid(73101cf611e8e7f4897bad3c14c2d87d) Importer(815301076,1909f56bfc062723c751e8b465ee728b)
Start importing Assets/Enemy/Animations/Attack 1.anim using Guid(73101cf611e8e7f4897bad3c14c2d87d) Importer(815301076,1909f56bfc062723c751e8b465ee728b)  -> (artifact id: 'dab8bbca6020b56556c97aa83d6b9946') in 0.026355 seconds
  Import took 0.029171 seconds .

========================================================================
Received Prepare
Registering precompiled user dll's ...
Registered in 0.000730 seconds.
Begin MonoManager ReloadAssembly
Native extension for WindowsStandalone target not found
Refreshing native plugins compatible for Editor in 0.25 ms, found 0 plugins.
Preloading 0 native plugins for Editor in 0.00 ms.
Invoked RoslynAnalysisRunner static constructor.
RoslynAnalysisRunner will not be running.
RoslynAnalysisRunner has terminated.
Mono: successfully reloaded assembly
- Completed reload, in  0.928 seconds
Platform modules already initialized, skipping
Refreshing native plugins compatible for Editor in 0.29 ms, found 0 plugins.
Preloading 0 native plugins for Editor in 0.00 ms.
Unloading 1117 Unused Serialized files (Serialized files now loaded: 0)
System memory in use before: 57.4 MB.
System memory in use after: 57.4 MB.

Unloading 5 unused Assets to reduce memory usage. Loaded Objects now: 1568.
Total: 2.154500 ms (FindLiveObjects: 0.157900 ms CreateObjectMapping: 0.069500 ms MarkObjects: 1.868500 ms  DeleteObjects: 0.057600 ms)

========================================================================
Received Prepare
Registering precompiled user dll's ...
Registered in 0.000741 seconds.
Begin MonoManager ReloadAssembly
Native extension for WindowsStandalone target not found
Refreshing native plugins compatible for Editor in 0.26 ms, found 0 plugins.
Preloading 0 native plugins for Editor in 0.00 ms.
Invoked RoslynAnalysisRunner static constructor.
RoslynAnalysisRunner will not be running.
RoslynAnalysisRunner has terminated.
Mono: successfully reloaded assembly
- Completed reload, in  0.906 seconds
Platform modules already initialized, skipping
Refreshing native plugins compatible for Editor in 0.25 ms, found 0 plugins.
Preloading 0 native plugins for Editor in 0.00 ms.
Unloading 1117 Unused Serialized files (Serialized files now loaded: 0)
System memory in use before: 57.4 MB.
System memory in use after: 57.5 MB.

Unloading 5 unused Assets to reduce memory usage. Loaded Objects now: 1570.
Total: 1.983300 ms (FindLiveObjects: 0.172000 ms CreateObjectMapping: 0.038400 ms MarkObjects: 1.693800 ms  DeleteObjects: 0.077900 ms)

========================================================================
Received Prepare
Registering precompiled user dll's ...
Registered in 0.000881 seconds.
Begin MonoManager ReloadAssembly
Native extension for WindowsStandalone target not found
Refreshing native plugins compatible for Editor in 0.31 ms, found 0 plugins.
Preloading 0 native plugins for Editor in 0.00 ms.
Invoked RoslynAnalysisRunner static constructor.
RoslynAnalysisRunner will not be running.
RoslynAnalysisRunner has terminated.
Mono: successfully reloaded assembly
- Completed reload, in  0.894 seconds
Platform modules already initialized, skipping
Refreshing native plugins compatible for Editor in 0.26 ms, found 0 plugins.
Preloading 0 native plugins for Editor in 0.00 ms.
Unloading 1117 Unused Serialized files (Serialized files now loaded: 0)
System memory in use before: 57.4 MB.
System memory in use after: 57.5 MB.

Unloading 5 unused Assets to reduce memory usage. Loaded Objects now: 1572.
Total: 1.982900 ms (FindLiveObjects: 0.149600 ms CreateObjectMapping: 0.068700 ms MarkObjects: 1.664500 ms  DeleteObjects: 0.099200 ms)

========================================================================
Received Prepare
Registering precompiled user dll's ...
Registered in 0.000752 seconds.
Begin MonoManager ReloadAssembly
Native extension for WindowsStandalone target not found
Refreshing native plugins compatible for Editor in 0.31 ms, found 0 plugins.
Preloading 0 native plugins for Editor in 0.00 ms.
Invoked RoslynAnalysisRunner static constructor.
RoslynAnalysisRunner will not be running.
RoslynAnalysisRunner has terminated.
Mono: successfully reloaded assembly
- Completed reload, in  0.899 seconds
Platform modules already initialized, skipping
Refreshing native plugins compatible for Editor in 0.27 ms, found 0 plugins.
Preloading 0 native plugins for Editor in 0.00 ms.
Unloading 1117 Unused Serialized files (Serialized files now loaded: 0)
System memory in use before: 57.4 MB.
System memory in use after: 57.5 MB.

Unloading 5 unused Assets to reduce memory usage. Loaded Objects now: 1574.
Total: 1.833900 ms (FindLiveObjects: 0.135400 ms CreateObjectMapping: 0.043400 ms MarkObjects: 1.561700 ms  DeleteObjects: 0.092200 ms)

========================================================================
Received Prepare
Registering precompiled user dll's ...
Registered in 0.000755 seconds.
Begin MonoManager ReloadAssembly
Native extension for WindowsStandalone target not found
Refreshing native plugins compatible for Editor in 0.30 ms, found 0 plugins.
Preloading 0 native plugins for Editor in 0.00 ms.
Invoked RoslynAnalysisRunner static constructor.
RoslynAnalysisRunner will not be running.
RoslynAnalysisRunner has terminated.
Mono: successfully reloaded assembly
- Completed reload, in  0.948 seconds
Platform modules already initialized, skipping
Refreshing native plugins compatible for Editor in 0.25 ms, found 0 plugins.
Preloading 0 native plugins for Editor in 0.00 ms.
Unloading 1117 Unused Serialized files (Serialized files now loaded: 0)
System memory in use before: 57.4 MB.
System memory in use after: 57.5 MB.

Unloading 5 unused Assets to reduce memory usage. Loaded Objects now: 1576.
Total: 2.024200 ms (FindLiveObjects: 0.193200 ms CreateObjectMapping: 0.062900 ms MarkObjects: 1.715900 ms  DeleteObjects: 0.051000 ms)

========================================================================
Received Prepare
Registering precompiled user dll's ...
Registered in 0.000754 seconds.
Begin MonoManager ReloadAssembly
Native extension for WindowsStandalone target not found
Refreshing native plugins compatible for Editor in 0.25 ms, found 0 plugins.
Preloading 0 native plugins for Editor in 0.00 ms.
Invoked RoslynAnalysisRunner static constructor.
RoslynAnalysisRunner will not be running.
RoslynAnalysisRunner has terminated.
Mono: successfully reloaded assembly
- Completed reload, in  0.923 seconds
Platform modules already initialized, skipping
Refreshing native plugins compatible for Editor in 0.30 ms, found 0 plugins.
Preloading 0 native plugins for Editor in 0.00 ms.
Unloading 1117 Unused Serialized files (Serialized files now loaded: 0)
System memory in use before: 57.4 MB.
System memory in use after: 57.5 MB.

Unloading 5 unused Assets to reduce memory usage. Loaded Objects now: 1578.
Total: 2.292300 ms (FindLiveObjects: 0.162800 ms CreateObjectMapping: 0.081400 ms MarkObjects: 1.963800 ms  DeleteObjects: 0.083200 ms)

========================================================================
Received Import Request.
  Time since last request: 254.070808 seconds.
  path: Assets/Player/Scripts/Sword.cs
  artifactKey: Guid(889050389ceb70e4892b815de89fbeb1) Importer(815301076,1909f56bfc062723c751e8b465ee728b)
Start importing Assets/Player/Scripts/Sword.cs using Guid(889050389ceb70e4892b815de89fbeb1) Importer(815301076,1909f56bfc062723c751e8b465ee728b)  -> (artifact id: '989548c9ec514525e23ac33741b36bee') in 0.105579 seconds
  Import took 0.121975 seconds .

========================================================================
Received Prepare
Registering precompiled user dll's ...
Registered in 0.000747 seconds.
Begin MonoManager ReloadAssembly
Native extension for WindowsStandalone target not found
Refreshing native plugins compatible for Editor in 0.25 ms, found 0 plugins.
Preloading 0 native plugins for Editor in 0.00 ms.
Invoked RoslynAnalysisRunner static constructor.
RoslynAnalysisRunner will not be running.
RoslynAnalysisRunner has terminated.
Mono: successfully reloaded assembly
- Completed reload, in  0.892 seconds
Platform modules already initialized, skipping
Refreshing native plugins compatible for Editor in 0.34 ms, found 0 plugins.
Preloading 0 native plugins for Editor in 0.00 ms.
Unloading 1117 Unused Serialized files (Serialized files now loaded: 0)
System memory in use before: 57.4 MB.
System memory in use after: 57.5 MB.

Unloading 5 unused Assets to reduce memory usage. Loaded Objects now: 1580.
Total: 1.957400 ms (FindLiveObjects: 0.134800 ms CreateObjectMapping: 0.041600 ms MarkObjects: 1.724300 ms  DeleteObjects: 0.055100 ms)

========================================================================
Received Import Request.
  Time since last request: 158.263300 seconds.
  path: Assets/UI/Attack Buttons/ButtonFunctions.cs
  artifactKey: Guid(9b94bf2473cb0ad47b35cb88316712e7) Importer(815301076,1909f56bfc062723c751e8b465ee728b)
Start importing Assets/UI/Attack Buttons/ButtonFunctions.cs using Guid(9b94bf2473cb0ad47b35cb88316712e7) Importer(815301076,1909f56bfc062723c751e8b465ee728b)  -> (artifact id: '5e8ea71ea5b73b653c380fb4313bd382') in 0.013491 seconds
  Import took 0.348230 seconds .

========================================================================
Received Prepare
Registering precompiled user dll's ...
Registered in 0.000828 seconds.
Begin MonoManager ReloadAssembly
Native extension for WindowsStandalone target not found
Refreshing native plugins compatible for Editor in 0.32 ms, found 0 plugins.
Preloading 0 native plugins for Editor in 0.00 ms.
Invoked RoslynAnalysisRunner static constructor.
RoslynAnalysisRunner will not be running.
RoslynAnalysisRunner has terminated.
Mono: successfully reloaded assembly
- Completed reload, in  0.889 seconds
Platform modules already initialized, skipping
Refreshing native plugins compatible for Editor in 0.37 ms, found 0 plugins.
Preloading 0 native plugins for Editor in 0.00 ms.
Unloading 1117 Unused Serialized files (Serialized files now loaded: 0)
System memory in use before: 57.4 MB.
System memory in use after: 57.5 MB.

Unloading 5 unused Assets to reduce memory usage. Loaded Objects now: 1582.
Total: 2.009700 ms (FindLiveObjects: 0.144600 ms CreateObjectMapping: 0.043300 ms MarkObjects: 1.750300 ms  DeleteObjects: 0.070200 ms)

========================================================================
Received Prepare
Registering precompiled user dll's ...
Registered in 0.000839 seconds.
Begin MonoManager ReloadAssembly
Native extension for WindowsStandalone target not found
Refreshing native plugins compatible for Editor in 0.27 ms, found 0 plugins.
Preloading 0 native plugins for Editor in 0.00 ms.
Invoked RoslynAnalysisRunner static constructor.
RoslynAnalysisRunner will not be running.
RoslynAnalysisRunner has terminated.
Mono: successfully reloaded assembly
- Completed reload, in  1.151 seconds
Platform modules already initialized, skipping
Refreshing native plugins compatible for Editor in 0.46 ms, found 0 plugins.
Preloading 0 native plugins for Editor in 0.00 ms.
Unloading 1117 Unused Serialized files (Serialized files now loaded: 0)
System memory in use before: 57.4 MB.
System memory in use after: 57.5 MB.

Unloading 5 unused Assets to reduce memory usage. Loaded Objects now: 1584.
Total: 4.332000 ms (FindLiveObjects: 0.426300 ms CreateObjectMapping: 0.097900 ms MarkObjects: 3.734900 ms  DeleteObjects: 0.070300 ms)

========================================================================
Received Prepare
Registering precompiled user dll's ...
Registered in 0.000744 seconds.
Begin MonoManager ReloadAssembly
Native extension for WindowsStandalone target not found
Refreshing native plugins compatible for Editor in 0.26 ms, found 0 plugins.
Preloading 0 native plugins for Editor in 0.00 ms.
Invoked RoslynAnalysisRunner static constructor.
RoslynAnalysisRunner will not be running.
RoslynAnalysisRunner has terminated.
Mono: successfully reloaded assembly
- Completed reload, in  1.069 seconds
Platform modules already initialized, skipping
Refreshing native plugins compatible for Editor in 0.27 ms, found 0 plugins.
Preloading 0 native plugins for Editor in 0.00 ms.
Unloading 1117 Unused Serialized files (Serialized files now loaded: 0)
System memory in use before: 57.4 MB.
System memory in use after: 57.5 MB.

Unloading 5 unused Assets to reduce memory usage. Loaded Objects now: 1586.
Total: 2.569100 ms (FindLiveObjects: 0.214100 ms CreateObjectMapping: 0.074600 ms MarkObjects: 2.218700 ms  DeleteObjects: 0.060100 ms)

========================================================================
Received Prepare
Registering precompiled user dll's ...
Registered in 0.000834 seconds.
Begin MonoManager ReloadAssembly
Native extension for WindowsStandalone target not found
Refreshing native plugins compatible for Editor in 0.25 ms, found 0 plugins.
Preloading 0 native plugins for Editor in 0.00 ms.
Invoked RoslynAnalysisRunner static constructor.
RoslynAnalysisRunner will not be running.
RoslynAnalysisRunner has terminated.
Mono: successfully reloaded assembly
- Completed reload, in  0.925 seconds
Platform modules already initialized, skipping
Refreshing native plugins compatible for Editor in 0.25 ms, found 0 plugins.
Preloading 0 native plugins for Editor in 0.00 ms.
Unloading 1117 Unused Serialized files (Serialized files now loaded: 0)
System memory in use before: 57.4 MB.
System memory in use after: 57.5 MB.

Unloading 5 unused Assets to reduce memory usage. Loaded Objects now: 1588.
Total: 2.425800 ms (FindLiveObjects: 0.187700 ms CreateObjectMapping: 0.128000 ms MarkObjects: 2.029900 ms  DeleteObjects: 0.079000 ms)

========================================================================
Received Prepare
Registering precompiled user dll's ...
Registered in 0.001413 seconds.
Begin MonoManager ReloadAssembly
Native extension for WindowsStandalone target not found
Refreshing native plugins compatible for Editor in 0.30 ms, found 0 plugins.
Preloading 0 native plugins for Editor in 0.00 ms.
Invoked RoslynAnalysisRunner static constructor.
RoslynAnalysisRunner will not be running.
RoslynAnalysisRunner has terminated.
Mono: successfully reloaded assembly
- Completed reload, in  1.157 seconds
Platform modules already initialized, skipping
Refreshing native plugins compatible for Editor in 0.30 ms, found 0 plugins.
Preloading 0 native plugins for Editor in 0.00 ms.
Unloading 1117 Unused Serialized files (Serialized files now loaded: 0)
System memory in use before: 57.4 MB.
System memory in use after: 57.5 MB.

Unloading 5 unused Assets to reduce memory usage. Loaded Objects now: 1590.
Total: 2.537200 ms (FindLiveObjects: 0.190800 ms CreateObjectMapping: 0.128900 ms MarkObjects: 2.129100 ms  DeleteObjects: 0.086700 ms)

========================================================================
Received Import Request.
  Time since last request: 5458.163558 seconds.
  path: Assets/Enemy/Sprites/Head.png
  artifactKey: Guid(454e94c42d1620543a8cd68054d67a37) Importer(815301076,1909f56bfc062723c751e8b465ee728b)
Start importing Assets/Enemy/Sprites/Head.png using Guid(454e94c42d1620543a8cd68054d67a37) Importer(815301076,1909f56bfc062723c751e8b465ee728b)  -> (artifact id: 'b13f219db0d50ae348942b734613ccef') in 0.347037 seconds
  Import took 0.390786 seconds .

========================================================================
Received Import Request.
  Time since last request: 10.090244 seconds.
  path: Assets/Enemy/Sprites/Head.png
  artifactKey: Guid(454e94c42d1620543a8cd68054d67a37) Importer(815301076,1909f56bfc062723c751e8b465ee728b)
Start importing Assets/Enemy/Sprites/Head.png using Guid(454e94c42d1620543a8cd68054d67a37) Importer(815301076,1909f56bfc062723c751e8b465ee728b)  -> (artifact id: '08d4f3658363a32c8db346bce41f9de7') in 0.072093 seconds
  Import took 0.075275 seconds .

========================================================================
Received Prepare
Registering precompiled user dll's ...
Registered in 0.000827 seconds.
Begin MonoManager ReloadAssembly
Native extension for WindowsStandalone target not found
Refreshing native plugins compatible for Editor in 0.41 ms, found 0 plugins.
Preloading 0 native plugins for Editor in 0.00 ms.
Invoked RoslynAnalysisRunner static constructor.
RoslynAnalysisRunner will not be running.
RoslynAnalysisRunner has terminated.
Mono: successfully reloaded assembly
- Completed reload, in  1.088 seconds
Platform modules already initialized, skipping
Refreshing native plugins compatible for Editor in 0.25 ms, found 0 plugins.
Preloading 0 native plugins for Editor in 0.00 ms.
Unloading 1117 Unused Serialized files (Serialized files now loaded: 0)
System memory in use before: 60.5 MB.
System memory in use after: 60.6 MB.

Unloading 5 unused Assets to reduce memory usage. Loaded Objects now: 1599.
Total: 2.065400 ms (FindLiveObjects: 0.166200 ms CreateObjectMapping: 0.043700 ms MarkObjects: 1.792300 ms  DeleteObjects: 0.061700 ms)

========================================================================
Received Import Request.
  Time since last request: 103.629005 seconds.
  path: Assets/Enemy/Sprites/Head.png
  artifactKey: Guid(454e94c42d1620543a8cd68054d67a37) Importer(815301076,1909f56bfc062723c751e8b465ee728b)
Start importing Assets/Enemy/Sprites/Head.png using Guid(454e94c42d1620543a8cd68054d67a37) Importer(815301076,1909f56bfc062723c751e8b465ee728b)  -> (artifact id: '90d7154a14487c64daef3ee2664263dc') in 0.060212 seconds
  Import took 0.063431 seconds .

========================================================================
Received Import Request.
  Time since last request: 2.133330 seconds.
  path: Assets/Enemy/Sprites/Head.png
  artifactKey: Guid(454e94c42d1620543a8cd68054d67a37) Importer(815301076,1909f56bfc062723c751e8b465ee728b)
Start importing Assets/Enemy/Sprites/Head.png using Guid(454e94c42d1620543a8cd68054d67a37) Importer(815301076,1909f56bfc062723c751e8b465ee728b)  -> (artifact id: '90d7154a14487c64daef3ee2664263dc') in 0.011730 seconds
  Import took 0.015533 seconds .

========================================================================
Received Prepare
Registering precompiled user dll's ...
Registered in 0.004436 seconds.
Begin MonoManager ReloadAssembly
Native extension for WindowsStandalone target not found
Refreshing native plugins compatible for Editor in 0.27 ms, found 0 plugins.
Preloading 0 native plugins for Editor in 0.00 ms.
Invoked RoslynAnalysisRunner static constructor.
RoslynAnalysisRunner will not be running.
RoslynAnalysisRunner has terminated.
Mono: successfully reloaded assembly
- Completed reload, in  1.210 seconds
Platform modules already initialized, skipping
Refreshing native plugins compatible for Editor in 0.30 ms, found 0 plugins.
Preloading 0 native plugins for Editor in 0.00 ms.
Unloading 1117 Unused Serialized files (Serialized files now loaded: 0)
System memory in use before: 60.5 MB.
System memory in use after: 60.6 MB.

Unloading 5 unused Assets to reduce memory usage. Loaded Objects now: 1602.
Total: 2.578100 ms (FindLiveObjects: 0.194200 ms CreateObjectMapping: 0.142700 ms MarkObjects: 2.129800 ms  DeleteObjects: 0.109700 ms)

========================================================================
Received Import Request.
  Time since last request: 94.161129 seconds.
  path: Assets/Enemy/Sprites/Head.png
  artifactKey: Guid(454e94c42d1620543a8cd68054d67a37) Importer(815301076,1909f56bfc062723c751e8b465ee728b)
Start importing Assets/Enemy/Sprites/Head.png using Guid(454e94c42d1620543a8cd68054d67a37) Importer(815301076,1909f56bfc062723c751e8b465ee728b)  -> (artifact id: '58536224da249c51d05ab0a9c4f545b8') in 0.069926 seconds
  Import took 0.087874 seconds .

========================================================================
Received Import Request.
  Time since last request: 6.505941 seconds.
  path: Assets/Enemy/Sprites/Head.png
  artifactKey: Guid(454e94c42d1620543a8cd68054d67a37) Importer(815301076,1909f56bfc062723c751e8b465ee728b)
Start importing Assets/Enemy/Sprites/Head.png using Guid(454e94c42d1620543a8cd68054d67a37) Importer(815301076,1909f56bfc062723c751e8b465ee728b)  -> (artifact id: 'f37db5ceba08bbeaed9e6a5fe748a179') in 0.015013 seconds
  Import took 0.111708 seconds .

========================================================================
Received Import Request.
  Time since last request: 30.306289 seconds.
  path: Assets/Enemy/Sprites/Head.png
  artifactKey: Guid(454e94c42d1620543a8cd68054d67a37) Importer(815301076,1909f56bfc062723c751e8b465ee728b)
Start importing Assets/Enemy/Sprites/Head.png using Guid(454e94c42d1620543a8cd68054d67a37) Importer(815301076,1909f56bfc062723c751e8b465ee728b)  -> (artifact id: '2695fe75f81f309981940871a4df8b66') in 0.015754 seconds
  Import took 0.033125 seconds .

========================================================================
Received Import Request.
  Time since last request: 5.503367 seconds.
  path: Assets/Enemy/Sprites/Head.png
  artifactKey: Guid(454e94c42d1620543a8cd68054d67a37) Importer(815301076,1909f56bfc062723c751e8b465ee728b)
Start importing Assets/Enemy/Sprites/Head.png using Guid(454e94c42d1620543a8cd68054d67a37) Importer(815301076,1909f56bfc062723c751e8b465ee728b)  -> (artifact id: 'a71a7e23027704fbf6869f24637d4004') in 0.026920 seconds
  Import took 0.029657 seconds .

========================================================================
Received Import Request.
  Time since last request: 0.000591 seconds.
  path: Assets/Enemy/Sprites/Head.png
  artifactKey: Guid(454e94c42d1620543a8cd68054d67a37) Importer(815301076,1909f56bfc062723c751e8b465ee728b)
Start importing Assets/Enemy/Sprites/Head.png using Guid(454e94c42d1620543a8cd68054d67a37) Importer(815301076,1909f56bfc062723c751e8b465ee728b)  -> (artifact id: 'a71a7e23027704fbf6869f24637d4004') in 0.013218 seconds
  Import took 0.015916 seconds .

========================================================================
Received Import Request.
  Time since last request: 7.586867 seconds.
  path: Assets/Enemy/Sprites/Head.png
  artifactKey: Guid(454e94c42d1620543a8cd68054d67a37) Importer(815301076,1909f56bfc062723c751e8b465ee728b)
Start importing Assets/Enemy/Sprites/Head.png using Guid(454e94c42d1620543a8cd68054d67a37) Importer(815301076,1909f56bfc062723c751e8b465ee728b)  -> (artifact id: '52ace031ec33c745042b94ddd24fa9df') in 0.026644 seconds
  Import took 0.090617 seconds .

========================================================================
Received Import Request.
  Time since last request: 4.100231 seconds.
  path: Assets/Enemy/Sprites/Head.png
  artifactKey: Guid(454e94c42d1620543a8cd68054d67a37) Importer(815301076,1909f56bfc062723c751e8b465ee728b)
Start importing Assets/Enemy/Sprites/Head.png using Guid(454e94c42d1620543a8cd68054d67a37) Importer(815301076,1909f56bfc062723c751e8b465ee728b)  -> (artifact id: '425423482c839db9641da5dd2e38ff17') in 0.020780 seconds
  Import took 0.034482 seconds .

========================================================================
Received Import Request.
  Time since last request: 9.457730 seconds.
  path: Assets/Enemy/Sprites/Head.png
  artifactKey: Guid(454e94c42d1620543a8cd68054d67a37) Importer(815301076,1909f56bfc062723c751e8b465ee728b)
Start importing Assets/Enemy/Sprites/Head.png using Guid(454e94c42d1620543a8cd68054d67a37) Importer(815301076,1909f56bfc062723c751e8b465ee728b)  -> (artifact id: '0264fac5c66b31a285415af5add3ebaa') in 0.022914 seconds
  Import took 0.025412 seconds .

========================================================================
Received Import Request.
  Time since last request: 6.120507 seconds.
  path: Assets/Enemy/Sprites/Head.png
  artifactKey: Guid(454e94c42d1620543a8cd68054d67a37) Importer(815301076,1909f56bfc062723c751e8b465ee728b)
Start importing Assets/Enemy/Sprites/Head.png using Guid(454e94c42d1620543a8cd68054d67a37) Importer(815301076,1909f56bfc062723c751e8b465ee728b)  -> (artifact id: '3659c110561dd8d135c94784473e9359') in 0.022528 seconds
  Import took 0.125872 seconds .

========================================================================
Received Import Request.
  Time since last request: 3.326359 seconds.
  path: Assets/Enemy/Sprites/Head.png
  artifactKey: Guid(454e94c42d1620543a8cd68054d67a37) Importer(815301076,1909f56bfc062723c751e8b465ee728b)
Start importing Assets/Enemy/Sprites/Head.png using Guid(454e94c42d1620543a8cd68054d67a37) Importer(815301076,1909f56bfc062723c751e8b465ee728b)  -> (artifact id: '3155d231aeef22dbc1224501d9582485') in 0.024089 seconds
  Import took 0.041565 seconds .

========================================================================
Received Import Request.
  Time since last request: 0.021675 seconds.
  path: Assets/Enemy/Sprites/Head.png
  artifactKey: Guid(454e94c42d1620543a8cd68054d67a37) Importer(815301076,1909f56bfc062723c751e8b465ee728b)
Start importing Assets/Enemy/Sprites/Head.png using Guid(454e94c42d1620543a8cd68054d67a37) Importer(815301076,1909f56bfc062723c751e8b465ee728b)  -> (artifact id: '3155d231aeef22dbc1224501d9582485') in 0.019091 seconds
  Import took 0.021634 seconds .

========================================================================
Received Import Request.
  Time since last request: 3.999452 seconds.
  path: Assets/Enemy/Sprites/Head.png
  artifactKey: Guid(454e94c42d1620543a8cd68054d67a37) Importer(815301076,1909f56bfc062723c751e8b465ee728b)
Start importing Assets/Enemy/Sprites/Head.png using Guid(454e94c42d1620543a8cd68054d67a37) Importer(815301076,1909f56bfc062723c751e8b465ee728b)  -> (artifact id: '0e43b05b0485d8ceb0750aa83c99a393') in 0.015544 seconds
  Import took 0.018447 seconds .

========================================================================
Received Import Request.
  Time since last request: 0.000378 seconds.
  path: Assets/Enemy/Sprites/Head.png
  artifactKey: Guid(454e94c42d1620543a8cd68054d67a37) Importer(815301076,1909f56bfc062723c751e8b465ee728b)
Start importing Assets/Enemy/Sprites/Head.png using Guid(454e94c42d1620543a8cd68054d67a37) Importer(815301076,1909f56bfc062723c751e8b465ee728b)  -> (artifact id: '0e43b05b0485d8ceb0750aa83c99a393') in 0.018308 seconds
  Import took 0.021112 seconds .

========================================================================
Received Import Request.
  Time since last request: 4.012980 seconds.
  path: Assets/Enemy/Sprites/Head.png
  artifactKey: Guid(454e94c42d1620543a8cd68054d67a37) Importer(815301076,1909f56bfc062723c751e8b465ee728b)
Start importing Assets/Enemy/Sprites/Head.png using Guid(454e94c42d1620543a8cd68054d67a37) Importer(815301076,1909f56bfc062723c751e8b465ee728b)  -> (artifact id: '5fcd4702735c0b0d244b255d183e6e1c') in 0.014833 seconds
  Import took 0.074174 seconds .

========================================================================
Received Import Request.
  Time since last request: 3.516441 seconds.
  path: Assets/Enemy/Sprites/Head.png
  artifactKey: Guid(454e94c42d1620543a8cd68054d67a37) Importer(815301076,1909f56bfc062723c751e8b465ee728b)
Start importing Assets/Enemy/Sprites/Head.png using Guid(454e94c42d1620543a8cd68054d67a37) Importer(815301076,1909f56bfc062723c751e8b465ee728b)  -> (artifact id: '23a201916ab22f2d14499f81e3a56699') in 0.016284 seconds
  Import took 0.019027 seconds .

========================================================================
Received Import Request.
  Time since last request: 0.026557 seconds.
  path: Assets/Enemy/Sprites/Head.png
  artifactKey: Guid(454e94c42d1620543a8cd68054d67a37) Importer(815301076,1909f56bfc062723c751e8b465ee728b)
Start importing Assets/Enemy/Sprites/Head.png using Guid(454e94c42d1620543a8cd68054d67a37) Importer(815301076,1909f56bfc062723c751e8b465ee728b)  -> (artifact id: '23a201916ab22f2d14499f81e3a56699') in 0.017615 seconds
  Import took 0.020762 seconds .

========================================================================
Received Import Request.
  Time since last request: 4.915738 seconds.
  path: Assets/Enemy/Sprites/Head.png
  artifactKey: Guid(454e94c42d1620543a8cd68054d67a37) Importer(815301076,1909f56bfc062723c751e8b465ee728b)
Start importing Assets/Enemy/Sprites/Head.png using Guid(454e94c42d1620543a8cd68054d67a37) Importer(815301076,1909f56bfc062723c751e8b465ee728b)  -> (artifact id: 'eb2f80be449f9bd30dfa9291d5d27424') in 0.013427 seconds
  Import took 0.159947 seconds .

========================================================================
Received Import Request.
  Time since last request: 29.122194 seconds.
  path: Assets/Enemy/Sprites/Head.png
  artifactKey: Guid(454e94c42d1620543a8cd68054d67a37) Importer(815301076,1909f56bfc062723c751e8b465ee728b)
Start importing Assets/Enemy/Sprites/Head.png using Guid(454e94c42d1620543a8cd68054d67a37) Importer(815301076,1909f56bfc062723c751e8b465ee728b)  -> (artifact id: '921912da928a154513ed4581967d76c1') in 0.018096 seconds
  Import took 0.099633 seconds .

========================================================================
Received Import Request.
  Time since last request: 73.403653 seconds.
  path: Assets/Enemy/Sprites/Head.png
  artifactKey: Guid(454e94c42d1620543a8cd68054d67a37) Importer(815301076,1909f56bfc062723c751e8b465ee728b)
Start importing Assets/Enemy/Sprites/Head.png using Guid(454e94c42d1620543a8cd68054d67a37) Importer(815301076,1909f56bfc062723c751e8b465ee728b)  -> (artifact id: 'a2750eb4474982d63d54d9fc30f3eafc') in 0.020897 seconds
  Import took 0.110689 seconds .

========================================================================
Received Import Request.
  Time since last request: 5.859994 seconds.
  path: Assets/Enemy/Sprites/Paw.png
  artifactKey: Guid(30592d1604dc6a74cb0496b8a95f9e7f) Importer(815301076,1909f56bfc062723c751e8b465ee728b)
Start importing Assets/Enemy/Sprites/Paw.png using Guid(30592d1604dc6a74cb0496b8a95f9e7f) Importer(815301076,1909f56bfc062723c751e8b465ee728b)  -> (artifact id: '38a38fe11c47f81b97906c6b8dc55ec8') in 0.031173 seconds
  Import took 0.045772 seconds .

========================================================================
Received Import Request.
  Time since last request: 25.863260 seconds.
  path: Assets/Player/Sprites/Hero.png
  artifactKey: Guid(27e8589b977cc82408da966816dee419) Importer(815301076,1909f56bfc062723c751e8b465ee728b)
Start importing Assets/Player/Sprites/Hero.png using Guid(27e8589b977cc82408da966816dee419) Importer(815301076,1909f56bfc062723c751e8b465ee728b)  -> (artifact id: '1c2d212a9a37b86833646e53eb04616d') in 0.028282 seconds
  Import took 0.031197 seconds .

========================================================================
Received Prepare
Registering precompiled user dll's ...
Registered in 0.000995 seconds.
Begin MonoManager ReloadAssembly
Native extension for WindowsStandalone target not found
Refreshing native plugins compatible for Editor in 0.33 ms, found 0 plugins.
Preloading 0 native plugins for Editor in 0.00 ms.
Invoked RoslynAnalysisRunner static constructor.
RoslynAnalysisRunner will not be running.
RoslynAnalysisRunner has terminated.
Mono: successfully reloaded assembly
- Completed reload, in  1.298 seconds
Platform modules already initialized, skipping
Refreshing native plugins compatible for Editor in 0.27 ms, found 0 plugins.
Preloading 0 native plugins for Editor in 0.00 ms.
Unloading 1117 Unused Serialized files (Serialized files now loaded: 0)
System memory in use before: 60.6 MB.
System memory in use after: 60.6 MB.

Unloading 5 unused Assets to reduce memory usage. Loaded Objects now: 1609.
Total: 2.640000 ms (FindLiveObjects: 0.260300 ms CreateObjectMapping: 0.095700 ms MarkObjects: 2.219700 ms  DeleteObjects: 0.062500 ms)

========================================================================
Received Import Request.
  Time since last request: 1027.183873 seconds.
  path: Assets/Enemy/Animations/Paws
  artifactKey: Guid(1bc93364bff8dd44081b7ec8e9dd703b) Importer(815301076,1909f56bfc062723c751e8b465ee728b)
Start importing Assets/Enemy/Animations/Paws using Guid(1bc93364bff8dd44081b7ec8e9dd703b) Importer(815301076,1909f56bfc062723c751e8b465ee728b)  -> (artifact id: '9b55ffc743422d96d91f9c11862220ce') in 0.018153 seconds
  Import took 0.021287 seconds .

========================================================================
Received Import Request.
  Time since last request: 7.452020 seconds.
  path: Assets/Enemy/Animations/Head
  artifactKey: Guid(f1146e2fc56f4ff44be7d55243d26839) Importer(815301076,1909f56bfc062723c751e8b465ee728b)
Start importing Assets/Enemy/Animations/Head using Guid(f1146e2fc56f4ff44be7d55243d26839) Importer(815301076,1909f56bfc062723c751e8b465ee728b)  -> (artifact id: '70a918b3aa03cc8904753fc2c518da54') in 0.007737 seconds
  Import took 0.039142 seconds .

========================================================================
Received Import Request.
  Time since last request: 12.101399 seconds.
  path: Assets/Enemy/Animations/Head/Head.anim
  artifactKey: Guid(e6355b1ee51c76341a53f01d1bcbc44c) Importer(815301076,1909f56bfc062723c751e8b465ee728b)
Start importing Assets/Enemy/Animations/Head/Head.anim using Guid(e6355b1ee51c76341a53f01d1bcbc44c) Importer(815301076,1909f56bfc062723c751e8b465ee728b)  -> (artifact id: 'bd17a74eaf9af382b28c1b6fbc5baf9f') in 0.018582 seconds
  Import took 0.021319 seconds .

========================================================================
Received Import Request.
  Time since last request: 11.519431 seconds.
  path: Assets/Enemy/Animations/Head/Bite.anim
  artifactKey: Guid(e6355b1ee51c76341a53f01d1bcbc44c) Importer(815301076,1909f56bfc062723c751e8b465ee728b)
Start importing Assets/Enemy/Animations/Head/Bite.anim using Guid(e6355b1ee51c76341a53f01d1bcbc44c) Importer(815301076,1909f56bfc062723c751e8b465ee728b)  -> (artifact id: '28b29a8e4d0845165182a01793be79bf') in 0.013715 seconds
  Import took 0.037571 seconds .

========================================================================
Received Import Request.
  Time since last request: 30.881266 seconds.
  path: Assets/Enemy/Animations/Head/Body.controller
  artifactKey: Guid(0c357347637f7a44881a14cb04729873) Importer(815301076,1909f56bfc062723c751e8b465ee728b)
Start importing Assets/Enemy/Animations/Head/Body.controller using Guid(0c357347637f7a44881a14cb04729873) Importer(815301076,1909f56bfc062723c751e8b465ee728b)  -> (artifact id: '73e757406e65acb0545094359c27be6e') in 0.013492 seconds
  Import took 0.016330 seconds .

========================================================================
Received Import Request.
  Time since last request: 5.582900 seconds.
  path: Assets/Enemy/Animations/Head/New Animation.anim
  artifactKey: Guid(20d48466a573de443a23eae51437ea4d) Importer(815301076,1909f56bfc062723c751e8b465ee728b)
Start importing Assets/Enemy/Animations/Head/New Animation.anim using Guid(20d48466a573de443a23eae51437ea4d) Importer(815301076,1909f56bfc062723c751e8b465ee728b)  -> (artifact id: '344f91b3b1bfb52b7b15d34c7a55379f') in 0.093504 seconds
  Import took 0.096424 seconds .

========================================================================
Received Import Request.
  Time since last request: 10.844198 seconds.
  path: Assets/Enemy/Animations/Head/Bite.anim
  artifactKey: Guid(20d48466a573de443a23eae51437ea4d) Importer(815301076,1909f56bfc062723c751e8b465ee728b)
Start importing Assets/Enemy/Animations/Head/Bite.anim using Guid(20d48466a573de443a23eae51437ea4d) Importer(815301076,1909f56bfc062723c751e8b465ee728b)  -> (artifact id: 'bafdfecd3ea0c8c113ec6e1788e30498') in 0.006929 seconds
  Import took 0.009341 seconds .

========================================================================
Received Import Request.
  Time since last request: 252.550604 seconds.
  path: Assets/Enemy/Animations/Bite
  artifactKey: Guid(f1146e2fc56f4ff44be7d55243d26839) Importer(815301076,1909f56bfc062723c751e8b465ee728b)
Start importing Assets/Enemy/Animations/Bite using Guid(f1146e2fc56f4ff44be7d55243d26839) Importer(815301076,1909f56bfc062723c751e8b465ee728b)  -> (artifact id: '7cfb933b1b1d9e4489edec285f6f8768') in 0.010731 seconds
  Import took 0.335543 seconds .

========================================================================
Received Import Request.
  Time since last request: 15.114159 seconds.
  path: Assets/Enemy/Animations/Bite/Bite.anim
  artifactKey: Guid(cc17969cd6dc72e49bcf10e6ba7d6de4) Importer(815301076,1909f56bfc062723c751e8b465ee728b)
Start importing Assets/Enemy/Animations/Bite/Bite.anim using Guid(cc17969cd6dc72e49bcf10e6ba7d6de4) Importer(815301076,1909f56bfc062723c751e8b465ee728b)  -> (artifact id: 'b142d78fa3918da5d195284034cb9553') in 0.006321 seconds
  Import took 0.008749 seconds .

========================================================================
Received Import Request.
  Time since last request: 39.770586 seconds.
  path: Assets/Enemy/Animations/Bite/BiteAttack.controller
  artifactKey: Guid(6360b10fe00c20b4fb23095f5cd7b157) Importer(815301076,1909f56bfc062723c751e8b465ee728b)
Start importing Assets/Enemy/Animations/Bite/BiteAttack.controller using Guid(6360b10fe00c20b4fb23095f5cd7b157) Importer(815301076,1909f56bfc062723c751e8b465ee728b)  -> (artifact id: '8752afacd55d1637817416d6cb62d33a') in 0.015715 seconds
  Import took 0.125459 seconds .

========================================================================
Received Import Request.
  Time since last request: 2.728240 seconds.
  path: Assets/Enemy/Animations/Bite/Bite.anim
  artifactKey: Guid(cc17969cd6dc72e49bcf10e6ba7d6de4) Importer(815301076,1909f56bfc062723c751e8b465ee728b)
Start importing Assets/Enemy/Animations/Bite/Bite.anim using Guid(cc17969cd6dc72e49bcf10e6ba7d6de4) Importer(815301076,1909f56bfc062723c751e8b465ee728b)  -> (artifact id: '5f53bfdb40124a893744ca30c740ad97') in 0.013513 seconds
  Import took 0.016225 seconds .

========================================================================
Received Import Request.
  Time since last request: 0.010294 seconds.
  path: Assets/Enemy/Animations/Bite/Bite.anim
  artifactKey: Guid(cc17969cd6dc72e49bcf10e6ba7d6de4) Importer(815301076,1909f56bfc062723c751e8b465ee728b)
Start importing Assets/Enemy/Animations/Bite/Bite.anim using Guid(cc17969cd6dc72e49bcf10e6ba7d6de4) Importer(815301076,1909f56bfc062723c751e8b465ee728b)  -> (artifact id: '5f53bfdb40124a893744ca30c740ad97') in 0.009525 seconds
  Import took 0.012837 seconds .

========================================================================
Received Import Request.
  Time since last request: 62.824731 seconds.
  path: Assets/Enemy/Animations/Bite/Idle.anim
  artifactKey: Guid(180b69832f67b114ca1a411084d84de6) Importer(815301076,1909f56bfc062723c751e8b465ee728b)
Start importing Assets/Enemy/Animations/Bite/Idle.anim using Guid(180b69832f67b114ca1a411084d84de6) Importer(815301076,1909f56bfc062723c751e8b465ee728b)  -> (artifact id: 'd53fd86fb5d848ce037c41ca02dc6415') in 0.348923 seconds
  Import took 0.372026 seconds .

========================================================================
Received Import Request.
  Time since last request: 33.801072 seconds.
  path: Assets/Enemy/Animations/Bite/BiteAttack.controller
  artifactKey: Guid(6360b10fe00c20b4fb23095f5cd7b157) Importer(815301076,1909f56bfc062723c751e8b465ee728b)
Start importing Assets/Enemy/Animations/Bite/BiteAttack.controller using Guid(6360b10fe00c20b4fb23095f5cd7b157) Importer(815301076,1909f56bfc062723c751e8b465ee728b)  -> (artifact id: 'e5f9acc4c9ab950cc94c2d6aeeaac7d1') in 0.020644 seconds
  Import took 0.025792 seconds .

========================================================================
Received Prepare
Registering precompiled user dll's ...
Registered in 0.001198 seconds.
Begin MonoManager ReloadAssembly
Native extension for WindowsStandalone target not found
Refreshing native plugins compatible for Editor in 0.24 ms, found 0 plugins.
Preloading 0 native plugins for Editor in 0.00 ms.
Invoked RoslynAnalysisRunner static constructor.
RoslynAnalysisRunner will not be running.
RoslynAnalysisRunner has terminated.
Mono: successfully reloaded assembly
- Completed reload, in  0.897 seconds
Platform modules already initialized, skipping
Refreshing native plugins compatible for Editor in 0.31 ms, found 0 plugins.
Preloading 0 native plugins for Editor in 0.00 ms.
Unloading 1117 Unused Serialized files (Serialized files now loaded: 0)
System memory in use before: 60.6 MB.
System memory in use after: 60.6 MB.

Unloading 5 unused Assets to reduce memory usage. Loaded Objects now: 1611.
Total: 1.707800 ms (FindLiveObjects: 0.132000 ms CreateObjectMapping: 0.040700 ms MarkObjects: 1.481500 ms  DeleteObjects: 0.052700 ms)

========================================================================
Received Import Request.
  Time since last request: 123.822505 seconds.
  path: Assets/Enemy/Prefabs/EnemyAttack.prefab
  artifactKey: Guid(927728edf4f7a8248bd1691e0fc9473d) Importer(815301076,1909f56bfc062723c751e8b465ee728b)
Start importing Assets/Enemy/Prefabs/EnemyAttack.prefab using Guid(927728edf4f7a8248bd1691e0fc9473d) Importer(815301076,1909f56bfc062723c751e8b465ee728b)  -> (artifact id: 'd7c92dadbed1b7dec340e997608943a5') in 0.109587 seconds
  Import took 0.112046 seconds .

========================================================================
Received Prepare
Registering precompiled user dll's ...
Registered in 0.000746 seconds.
Begin MonoManager ReloadAssembly
Native extension for WindowsStandalone target not found
Refreshing native plugins compatible for Editor in 0.26 ms, found 0 plugins.
Preloading 0 native plugins for Editor in 0.00 ms.
Invoked RoslynAnalysisRunner static constructor.
RoslynAnalysisRunner will not be running.
RoslynAnalysisRunner has terminated.
Mono: successfully reloaded assembly
- Completed reload, in  0.899 seconds
Platform modules already initialized, skipping
Refreshing native plugins compatible for Editor in 0.25 ms, found 0 plugins.
Preloading 0 native plugins for Editor in 0.00 ms.
Unloading 1117 Unused Serialized files (Serialized files now loaded: 0)
System memory in use before: 60.7 MB.
System memory in use after: 60.7 MB.

Unloading 5 unused Assets to reduce memory usage. Loaded Objects now: 1618.
Total: 2.277000 ms (FindLiveObjects: 0.178900 ms CreateObjectMapping: 0.073000 ms MarkObjects: 1.933600 ms  DeleteObjects: 0.090100 ms)

AssetImportWorkerClient::OnTransportError - code=2 error=End of file
